d:\vs_workspace\opengltexture\opengltexture\debug\opengltexture.pch
d:\vs_workspace\opengltexture\opengltexture\debug\vc140.pdb
d:\vs_workspace\opengltexture\opengltexture\debug\vc140.idb
d:\vs_workspace\opengltexture\opengltexture\debug\stdafx.obj
d:\vs_workspace\opengltexture\opengltexture\debug\cgfxopengl.obj
d:\vs_workspace\opengltexture\opengltexture\debug\hirestimer.obj
d:\vs_workspace\opengltexture\opengltexture\debug\opengltexture.obj
d:\vs_workspace\opengltexture\opengltexture\debug\targaimage.obj
d:\vs_workspace\opengltexture\debug\opengltexture.ilk
d:\vs_workspace\opengltexture\debug\opengltexture.exe
d:\vs_workspace\opengltexture\debug\opengltexture.pdb
d:\vs_workspace\opengltexture\opengltexture\debug\opengltexture.res
d:\vs_workspace\opengltexture\opengltexture\debug\opengltexture.tlog\cl.command.1.tlog
d:\vs_workspace\opengltexture\opengltexture\debug\opengltexture.tlog\cl.read.1.tlog
d:\vs_workspace\opengltexture\opengltexture\debug\opengltexture.tlog\cl.write.1.tlog
d:\vs_workspace\opengltexture\opengltexture\debug\opengltexture.tlog\link.command.1.tlog
d:\vs_workspace\opengltexture\opengltexture\debug\opengltexture.tlog\link.read.1.tlog
d:\vs_workspace\opengltexture\opengltexture\debug\opengltexture.tlog\link.write.1.tlog
d:\vs_workspace\opengltexture\opengltexture\debug\opengltexture.tlog\rc.command.1.tlog
d:\vs_workspace\opengltexture\opengltexture\debug\opengltexture.tlog\rc.read.1.tlog
d:\vs_workspace\opengltexture\opengltexture\debug\opengltexture.tlog\rc.write.1.tlog
